 Image omnilearn:local Building 
#1 [internal] load local bake definitions
#1 reading from stdin 536B done
#1 DONE 0.0s

#2 [internal] load build definition from Dockerfile
#2 transferring dockerfile: 5.16kB done
#2 DONE 0.0s

#3 [internal] load metadata for docker.io/oven/bun:1-alpine
#3 DONE 0.1s

#4 [internal] load metadata for docker.io/library/node:24-alpine
#4 ...

#5 [internal] load metadata for docker.io/library/python:3.14.3-slim-bookworm
#5 DONE 1.1s

#4 [internal] load metadata for docker.io/library/node:24-alpine
#4 DONE 1.1s

#6 [internal] load .dockerignore
#6 transferring context: 1.45kB done
#6 DONE 0.0s

#7 [runner  1/19] FROM docker.io/library/python:3.14.3-slim-bookworm@sha256:f21c0d5a44c56805654c15abccc1b2fd576c8d93aca0a3f74b4aba2dc92510e2
#7 resolve docker.io/library/python:3.14.3-slim-bookworm@sha256:f21c0d5a44c56805654c15abccc1b2fd576c8d93aca0a3f74b4aba2dc92510e2 done
#7 DONE 0.0s

#8 [collab-builder 1/7] FROM docker.io/oven/bun:1-alpine@sha256:5acc90a93e91ff07bf72aa90a7c9f0fa189765aec90b47bdbf2152d2196383c0
#8 resolve docker.io/oven/bun:1-alpine@sha256:5acc90a93e91ff07bf72aa90a7c9f0fa189765aec90b47bdbf2152d2196383c0 0.0s done
#8 DONE 0.0s

#9 [frontend-runner  1/10] FROM docker.io/library/node:24-alpine@sha256:a0b9bf06e4e6193cf7a0f58816cc935ff8c2a908f81e6f1a95432d679c54fbfd
#9 resolve docker.io/library/node:24-alpine@sha256:a0b9bf06e4e6193cf7a0f58816cc935ff8c2a908f81e6f1a95432d679c54fbfd done
#9 DONE 0.0s

#10 [internal] load build context
#10 transferring context: 11.71MB 4.2s done
#10 DONE 4.4s

#11 [collab-builder 6/7] COPY apps/collab/src/ ./src/
#11 CACHED

#12 [collab-builder 2/7] WORKDIR /app
#12 CACHED

#13 [collab-builder 3/7] COPY apps/collab/package.json apps/collab/bun.lock* ./
#13 CACHED

#14 [collab-builder 4/7] RUN bun install --frozen-lockfile
#14 CACHED

#15 [collab-builder 5/7] COPY apps/collab/tsconfig.json ./
#15 CACHED

#16 [collab-builder 7/7] RUN bun run build
#16 CACHED

#17 [frontend-runner  6/10] RUN mkdir .next && chown nextjs:nodejs .next
#17 CACHED

#18 [frontend-builder 5/6] RUN rm -f .env*
#18 CACHED

#19 [frontend-deps 5/5] RUN bun install --frozen-lockfile
#19 CACHED

#20 [frontend-builder 4/6] COPY apps/web .
#20 CACHED

#21 [frontend-runner  8/10] COPY --from=frontend-builder --chown=nextjs:nodejs /app/.next/static ./.next/static
#21 CACHED

#22 [runner  3/19] COPY --from=frontend-runner /app /app/web
#22 CACHED

#23 [frontend-deps 3/5] WORKDIR /app
#23 CACHED

#24 [runner  2/19] RUN apt-get update     && apt-get install -y --no-install-recommends nginx curl netcat-openbsd ca-certificates gnupg unzip build-essential     && curl -fsSL https://deb.nodesource.com/setup_22.x | bash -     && apt-get install -y --no-install-recommends nodejs     && npm install -g pm2     && curl -fsSL https://bun.sh/install | bash     && apt-get purge -y gnupg     && apt-get autoremove -y     && apt-get clean     && rm -rf /var/lib/apt/lists/* /tmp/* /root/.npm     && rm /etc/nginx/sites-enabled/default
#24 CACHED

#25 [frontend-builder 3/6] COPY --from=frontend-deps /app/node_modules ./node_modules
#25 CACHED

#26 [frontend-runner  5/10] COPY --from=frontend-builder /app/public ./public
#26 CACHED

#27 [frontend-runner 10/10] RUN chmod +x server-wrapper.js
#27 CACHED

#28 [frontend-deps 4/5] COPY apps/web/package.json apps/web/bun.lock* ./
#28 CACHED

#29 [frontend-runner  4/10] RUN addgroup --system --gid 1001 nodejs     && adduser --system --uid 1001 nextjs
#29 CACHED

#30 [frontend-deps 2/5] RUN apk update && apk add --no-cache libc6-compat && rm -rf /var/cache/apk/*
#30 CACHED

#31 [frontend-runner  2/10] WORKDIR /app
#31 CACHED

#32 [frontend-runner  9/10] COPY --chown=nextjs:nodejs apps/web/server-wrapper.js ./
#32 CACHED

#33 [runner  5/19] COPY ./apps/api/uv.lock ./apps/api/pyproject.toml ./
#33 CACHED

#34 [frontend-runner  7/10] COPY --from=frontend-builder --chown=nextjs:nodejs /app/.next/standalone ./
#34 CACHED

#35 [frontend-runner  3/10] RUN apk update && apk add --no-cache curl && rm -rf /var/cache/apk/*
#35 CACHED

#36 [frontend-builder 6/6] RUN bun run build
#36 CACHED

#37 [runner  4/19] WORKDIR /app/api
#37 CACHED

#38 [runner  6/19] RUN pip install --no-cache-dir --upgrade pip uv     && uv sync --no-dev
#38 CACHED

#39 [runner  7/19] COPY ./apps/api ./
#39 DONE 3.9s

#40 [runner  8/19] COPY EACA.png /app/api/assets/initial-org-logo.png
#40 DONE 0.1s

#41 [runner  9/19] RUN rm -f /app/api/.env /app/api/.env.* /app/api/config/.env /app/api/config/.env.*
#41 DONE 0.1s

#42 [runner 10/19] RUN if [ "false" = "true" ]; then rm -rf /app/api/ee; fi
#42 DONE 0.1s

#43 [runner 11/19] WORKDIR /app/collab
#43 DONE 0.0s

#44 [runner 12/19] COPY --from=collab-builder /app/dist ./dist
#44 DONE 0.0s

#45 [runner 13/19] COPY apps/collab/package.json apps/collab/bun.lock* ./
#45 DONE 0.0s

#46 [runner 14/19] RUN bun install --production
#46 0.139 bun install v1.3.14 (0d9b296a)
#46 4.748 
#46 4.748 + @hocuspocus/extension-database@4.0.0
#46 4.748 + @hocuspocus/server@4.0.0
#46 4.748 + dotenv@17.3.1
#46 4.748 + ioredis@5.10.0
#46 4.748 + jsonwebtoken@9.0.3
#46 4.748 + yjs@13.6.29
#46 4.748 
#46 4.748 37 packages installed [4.61s]
#46 DONE 4.8s

#47 [runner 15/19] WORKDIR /app
#47 DONE 0.0s

#48 [runner 16/19] COPY ./docker/nginx.conf /etc/nginx/conf.d/default.conf
#48 DONE 0.0s

#49 [runner 17/19] COPY ./apps/api/docker-entrypoint.sh /app/api/docker-entrypoint.sh
#49 DONE 0.0s

#50 [runner 18/19] COPY ./docker/start.sh /app/start.sh
#50 DONE 0.0s

#51 [runner 19/19] RUN chmod +x /app/api/docker-entrypoint.sh /app/start.sh
#51 DONE 0.1s

#52 exporting to image
#52 exporting layers
#52 exporting layers 6.1s done
#52 exporting manifest sha256:e33f00689b17988cf5560bd2b72cc7e9db7280298297c16995cf8d2369b1ac04 done
#52 exporting config sha256:5b4a27719bd1ef31c2b7d24a22170bb89b77a0ee59c1841acd891c96bcf3a1a3 done
#52 exporting attestation manifest sha256:175943493a147ab09cb677a50ff4aef8b70208e9a9dfc07df40c22ba4f032ef7 done
#52 exporting manifest list sha256:d7dcc695fa67811fd2472533fbbaf6f60b795126192c295e0cec1133fe793c74 done
#52 naming to docker.io/library/omnilearn:local done
#52 unpacking to docker.io/library/omnilearn:local
#52 unpacking to docker.io/library/omnilearn:local 1.8s done
#52 DONE 7.9s

#53 resolving provenance for metadata file
#53 DONE 0.0s
 Image omnilearn:local Built 
 Network omnilearn_omnilearn-network Creating 
 Network omnilearn_omnilearn-network Created 
 Container omnilearn-db Creating 
 Container omnilearn-redis Creating 
 Container omnilearn-db Created 
 Container omnilearn-redis Created 
 Container omnilearn-app Creating 
 Container omnilearn-app Created 
Attaching to omnilearn-app, omnilearn-db, omnilearn-redis
 Container omnilearn-db Starting 
 Container omnilearn-redis Starting 
 Container omnilearn-db Started 
 Container omnilearn-redis Started 
 Container omnilearn-redis Waiting 
 Container omnilearn-db Waiting 
omnilearn-redis  | 1:C 21 Jul 2026 21:55:42.392 * oO0OoO0OoO0Oo Redis is starting oO0OoO0OoO0Oo
omnilearn-redis  | 1:C 21 Jul 2026 21:55:42.392 * Redis version=7.2.3, bits=64, commit=00000000, modified=0, pid=1, just started
omnilearn-redis  | 1:C 21 Jul 2026 21:55:42.392 * Configuration loaded
omnilearn-redis  | 1:M 21 Jul 2026 21:55:42.392 * monotonic clock: POSIX clock_gettime
omnilearn-redis  | 1:M 21 Jul 2026 21:55:42.392 * Running mode=standalone, port=6379.
omnilearn-redis  | 1:M 21 Jul 2026 21:55:42.393 * Server initialized
omnilearn-redis  | 1:M 21 Jul 2026 21:55:42.393 * Reading RDB base file on AOF loading...
omnilearn-redis  | 1:M 21 Jul 2026 21:55:42.393 * Loading RDB produced by version 7.2.3
omnilearn-redis  | 1:M 21 Jul 2026 21:55:42.393 * RDB age 1754536 seconds
omnilearn-redis  | 1:M 21 Jul 2026 21:55:42.393 * RDB memory usage when created 0.86 Mb
omnilearn-redis  | 1:M 21 Jul 2026 21:55:42.393 * RDB is base AOF
omnilearn-redis  | 1:M 21 Jul 2026 21:55:42.393 * Done loading RDB, keys loaded: 0, keys expired: 0.
omnilearn-redis  | 1:M 21 Jul 2026 21:55:42.393 * DB loaded from base file appendonly.aof.1.base.rdb: 0.000 seconds
omnilearn-redis  | 1:M 21 Jul 2026 21:55:42.394 * DB loaded from incr file appendonly.aof.1.incr.aof: 0.001 seconds
omnilearn-redis  | 1:M 21 Jul 2026 21:55:42.394 * DB loaded from append only file: 0.001 seconds
omnilearn-redis  | 1:M 21 Jul 2026 21:55:42.394 * Opening AOF incr file appendonly.aof.1.incr.aof on server start
omnilearn-redis  | 1:M 21 Jul 2026 21:55:42.394 * Ready to accept connections tcp
omnilearn-db     | 
omnilearn-db     | PostgreSQL Database directory appears to contain a database; Skipping initialization
omnilearn-db     | 
omnilearn-db     | 2026-07-21 21:55:42.412 UTC [1] LOG:  starting PostgreSQL 16.14 (Debian 16.14-1.pgdg12+1) on aarch64-unknown-linux-gnu, compiled by gcc (Debian 12.2.0-14+deb12u1) 12.2.0, 64-bit
omnilearn-db     | 2026-07-21 21:55:42.412 UTC [1] LOG:  listening on IPv4 address "0.0.0.0", port 5432
omnilearn-db     | 2026-07-21 21:55:42.412 UTC [1] LOG:  listening on IPv6 address "::", port 5432
omnilearn-db     | 2026-07-21 21:55:42.415 UTC [1] LOG:  listening on Unix socket "/var/run/postgresql/.s.PGSQL.5432"
omnilearn-db     | 2026-07-21 21:55:42.418 UTC [28] LOG:  database system was shut down at 2026-07-21 21:54:55 UTC
omnilearn-db     | 2026-07-21 21:55:42.422 UTC [1] LOG:  database system is ready to accept connections
 Container omnilearn-db Healthy 
 Container omnilearn-redis Healthy 
 Container omnilearn-app Starting 
 Container omnilearn-app Started 
omnilearn-app    | Waiting for external database at app-e82b4d8f-cacc-42c2-96b5-fa2555d20934-do-user-18610351-0.f.db.ondigitalocean.com...
